  [1m[35m (2.3ms)[0m  [1m[34mSELECT sqlite_version(*)[0m
  [1m[35m (17.5ms)[0m  [1m[35mCREATE TABLE "schema_migrations" ("version" varchar NOT NULL PRIMARY KEY)[0m
  [1m[35m (9.3ms)[0m  [1m[35mCREATE TABLE "ar_internal_metadata" ("key" varchar NOT NULL PRIMARY KEY, "value" varchar, "created_at" datetime(6) NOT NULL, "updated_at" datetime(6) NOT NULL)[0m
  [1m[36mActiveRecord::InternalMetadata Load (0.4ms)[0m  [1m[34mSELECT "ar_internal_metadata".* FROM "ar_internal_metadata" WHERE "ar_internal_metadata"."key" = ? LIMIT ?[0m  [["key", "environment"], ["LIMIT", 1]]
  [1m[36mTRANSACTION (0.1ms)[0m  [1m[36mbegin transaction[0m
  [1m[36mActiveRecord::InternalMetadata Create (0.4ms)[0m  [1m[32mINSERT INTO "ar_internal_metadata" ("key", "value", "created_at", "updated_at") VALUES (?, ?, ?, ?)[0m  [["key", "environment"], ["value", "development"], ["created_at", "2024-02-01 10:37:07.131398"], ["updated_at", "2024-02-01 10:37:07.131398"]]
  [1m[36mTRANSACTION (12.7ms)[0m  [1m[36mcommit transaction[0m
  [1m[35m (0.1ms)[0m  [1m[34mSELECT sqlite_version(*)[0m
  [1m[35m (0.2ms)[0m  [1m[34mSELECT "schema_migrations"."version" FROM "schema_migrations" ORDER BY "schema_migrations"."version" ASC[0m
  [1m[35m (1.4ms)[0m  [1m[34mSELECT sqlite_version(*)[0m
  [1m[36mChandrayan Load (1.8ms)[0m  [1m[34mSELECT "chandrayans".* FROM "chandrayans" ORDER BY "chandrayans"."id" ASC LIMIT ?[0m  [["LIMIT", 1]]
  [1m[35m (0.6ms)[0m  [1m[34mSELECT sqlite_version(*)[0m
  [1m[35m (0.2ms)[0m  [1m[34mSELECT "schema_migrations"."version" FROM "schema_migrations" ORDER BY "schema_migrations"."version" ASC[0m
Migrating to CreateSpacecrafts (20240129092252)
  [1m[35m (0.8ms)[0m  [1m[34mSELECT sqlite_version(*)[0m
  [1m[35m (0.2ms)[0m  [1m[34mSELECT "schema_migrations"."version" FROM "schema_migrations" ORDER BY "schema_migrations"."version" ASC[0m
Migrating to CreateSpacecrafts (20240129092252)
  [1m[35m (0.7ms)[0m  [1m[34mSELECT sqlite_version(*)[0m
  [1m[35m (0.2ms)[0m  [1m[34mSELECT "schema_migrations"."version" FROM "schema_migrations" ORDER BY "schema_migrations"."version" ASC[0m
Migrating to CreateSpacecrafts (20240129092252)
  [1m[35m (0.6ms)[0m  [1m[34mSELECT sqlite_version(*)[0m
  [1m[35m (0.2ms)[0m  [1m[34mSELECT "schema_migrations"."version" FROM "schema_migrations" ORDER BY "schema_migrations"."version" ASC[0m
Migrating to CreateSpacecrafts (20240129092252)
  [1m[35m (0.6ms)[0m  [1m[34mSELECT sqlite_version(*)[0m
  [1m[35m (0.2ms)[0m  [1m[34mSELECT "schema_migrations"."version" FROM "schema_migrations" ORDER BY "schema_migrations"."version" ASC[0m
Migrating to CreateSpacecrafts (20240129092252)
  [1m[35m (0.6ms)[0m  [1m[34mSELECT sqlite_version(*)[0m
  [1m[35m (0.2ms)[0m  [1m[34mSELECT "schema_migrations"."version" FROM "schema_migrations" ORDER BY "schema_migrations"."version" ASC[0m
Migrating to CreateSpacecrafts (20240129092252)
  [1m[35m (0.8ms)[0m  [1m[34mSELECT sqlite_version(*)[0m
  [1m[36mActiveRecord::InternalMetadata Load (0.2ms)[0m  [1m[34mSELECT "ar_internal_metadata".* FROM "ar_internal_metadata" WHERE "ar_internal_metadata"."key" = ? LIMIT ?[0m  [["key", "environment"], ["LIMIT", 1]]
  [1m[35m (0.1ms)[0m  [1m[34mSELECT sqlite_version(*)[0m
  [1m[35m (0.1ms)[0m  [1m[34mSELECT "schema_migrations"."version" FROM "schema_migrations" ORDER BY "schema_migrations"."version" ASC[0m
  [1m[35m (0.6ms)[0m  [1m[34mSELECT sqlite_version(*)[0m
  [1m[36mActiveRecord::InternalMetadata Load (0.2ms)[0m  [1m[34mSELECT "ar_internal_metadata".* FROM "ar_internal_metadata" WHERE "ar_internal_metadata"."key" = ? LIMIT ?[0m  [["key", "environment"], ["LIMIT", 1]]
  [1m[35m (0.1ms)[0m  [1m[34mSELECT sqlite_version(*)[0m
  [1m[35m (0.1ms)[0m  [1m[34mSELECT "schema_migrations"."version" FROM "schema_migrations" ORDER BY "schema_migrations"."version" ASC[0m
  [1m[35m (0.6ms)[0m  [1m[34mSELECT sqlite_version(*)[0m
  [1m[36mActiveRecord::InternalMetadata Load (0.2ms)[0m  [1m[34mSELECT "ar_internal_metadata".* FROM "ar_internal_metadata" WHERE "ar_internal_metadata"."key" = ? LIMIT ?[0m  [["key", "environment"], ["LIMIT", 1]]
  [1m[35m (0.1ms)[0m  [1m[34mSELECT sqlite_version(*)[0m
  [1m[35m (0.1ms)[0m  [1m[34mSELECT "schema_migrations"."version" FROM "schema_migrations" ORDER BY "schema_migrations"."version" ASC[0m
  [1m[35m (0.7ms)[0m  [1m[34mSELECT sqlite_version(*)[0m
  [1m[35m (0.2ms)[0m  [1m[34mSELECT "schema_migrations"."version" FROM "schema_migrations" ORDER BY "schema_migrations"."version" ASC[0m
Migrating to CreateChandrayans (20240201105436)
  [1m[36mTRANSACTION (0.1ms)[0m  [1m[36mbegin transaction[0m
  [1m[35m (0.5ms)[0m  [1m[35mCREATE TABLE "chandrayans" ("id" integer PRIMARY KEY AUTOINCREMENT NOT NULL, "x" integer, "y" integer, "z" integer, "direction" varchar, "created_at" datetime(6) NOT NULL, "updated_at" datetime(6) NOT NULL)[0m
  [1m[36mActiveRecord::SchemaMigration Create (0.3ms)[0m  [1m[32mINSERT INTO "schema_migrations" ("version") VALUES (?)[0m  [["version", "20240201105436"]]
  [1m[36mTRANSACTION (10.3ms)[0m  [1m[36mcommit transaction[0m
  [1m[36mActiveRecord::InternalMetadata Load (0.3ms)[0m  [1m[34mSELECT "ar_internal_metadata".* FROM "ar_internal_metadata" WHERE "ar_internal_metadata"."key" = ? LIMIT ?[0m  [["key", "environment"], ["LIMIT", 1]]
  [1m[35m (0.1ms)[0m  [1m[34mSELECT sqlite_version(*)[0m
  [1m[35m (0.2ms)[0m  [1m[34mSELECT "schema_migrations"."version" FROM "schema_migrations" ORDER BY "schema_migrations"."version" ASC[0m
  [1m[35m (1.4ms)[0m  [1m[34mSELECT sqlite_version(*)[0m
  [1m[36mTRANSACTION (0.2ms)[0m  [1m[36mbegin transaction[0m
  [1m[36mChandrayan Create (0.7ms)[0m  [1m[32mINSERT INTO "chandrayans" ("x", "y", "z", "direction", "created_at", "updated_at") VALUES (?, ?, ?, ?, ?, ?)[0m  [["x", 1], ["y", 2], ["z", 3], ["direction", "up"], ["created_at", "2024-02-01 10:57:40.436186"], ["updated_at", "2024-02-01 10:57:40.436186"]]
  [1m[36mTRANSACTION (9.0ms)[0m  [1m[36mcommit transaction[0m
  [1m[35m (1.6ms)[0m  [1m[34mSELECT sqlite_version(*)[0m
  [1m[36mChandrayan Load (0.6ms)[0m  [1m[34mSELECT "chandrayans".* FROM "chandrayans" ORDER BY "chandrayans"."id" DESC LIMIT ?[0m  [["LIMIT", 1]]
  [1m[35m (1.3ms)[0m  [1m[34mSELECT sqlite_version(*)[0m
  [1m[36mChandrayan Load (0.4ms)[0m  [1m[34mSELECT "chandrayans".* FROM "chandrayans" ORDER BY "chandrayans"."id" DESC LIMIT ?[0m  [["LIMIT", 1]]
  [1m[35m (1.7ms)[0m  [1m[34mSELECT sqlite_version(*)[0m
  [1m[36mChandrayan Load (0.7ms)[0m  [1m[34mSELECT "chandrayans".* FROM "chandrayans" ORDER BY "chandrayans"."id" DESC LIMIT ?[0m  [["LIMIT", 1]]
  [1m[36mChandrayan Load (0.3ms)[0m  [1m[34mSELECT "chandrayans".* FROM "chandrayans" ORDER BY "chandrayans"."id" DESC LIMIT ?[0m  [["LIMIT", 1]]
  [1m[36mTRANSACTION (0.2ms)[0m  [1m[36mbegin transaction[0m
  [1m[36mChandrayan Update (1.0ms)[0m  [1m[33mUPDATE "chandrayans" SET "direction" = ?, "updated_at" = ? WHERE "chandrayans"."id" = ?[0m  [["direction", "Up"], ["updated_at", "2024-02-01 11:42:33.540939"], ["id", 1]]
  [1m[36mTRANSACTION (12.5ms)[0m  [1m[36mcommit transaction[0m
  [1m[35m (1.6ms)[0m  [1m[34mSELECT sqlite_version(*)[0m
  [1m[36mChandrayan Load (0.5ms)[0m  [1m[34mSELECT "chandrayans".* FROM "chandrayans" ORDER BY "chandrayans"."id" DESC LIMIT ?[0m  [["LIMIT", 1]]
  [1m[35m (1.4ms)[0m  [1m[34mSELECT sqlite_version(*)[0m
  [1m[36mChandrayan Load (0.8ms)[0m  [1m[34mSELECT "chandrayans".* FROM "chandrayans" ORDER BY "chandrayans"."id" DESC LIMIT ?[0m  [["LIMIT", 1]]
  [1m[35m (1.4ms)[0m  [1m[34mSELECT sqlite_version(*)[0m
  [1m[36mChandrayan Load (0.5ms)[0m  [1m[34mSELECT "chandrayans".* FROM "chandrayans" ORDER BY "chandrayans"."id" DESC LIMIT ?[0m  [["LIMIT", 1]]
  [1m[35m (1.2ms)[0m  [1m[34mSELECT sqlite_version(*)[0m
  [1m[36mTRANSACTION (0.2ms)[0m  [1m[36mbegin transaction[0m
  [1m[36mChandrayan Create (1.1ms)[0m  [1m[32mINSERT INTO "chandrayans" ("x", "y", "z", "direction", "created_at", "updated_at") VALUES (?, ?, ?, ?, ?, ?)[0m  [["x", 1], ["y", 2], ["z", 3], ["direction", "up"], ["created_at", "2024-02-01 12:00:02.846920"], ["updated_at", "2024-02-01 12:00:02.846920"]]
  [1m[36mTRANSACTION (11.5ms)[0m  [1m[36mcommit transaction[0m
  [1m[35m (1.1ms)[0m  [1m[34mSELECT sqlite_version(*)[0m
  [1m[36mTRANSACTION (0.2ms)[0m  [1m[36mbegin transaction[0m
  [1m[36mChandrayan Create (0.8ms)[0m  [1m[32mINSERT INTO "chandrayans" ("x", "y", "z", "direction", "created_at", "updated_at") VALUES (?, ?, ?, ?, ?, ?)[0m  [["x", 1], ["y", 2], ["z", 3], ["direction", "up"], ["created_at", "2024-02-01 12:00:53.911866"], ["updated_at", "2024-02-01 12:00:53.911866"]]
  [1m[36mTRANSACTION (11.8ms)[0m  [1m[36mcommit transaction[0m
  [1m[36mTRANSACTION (0.1ms)[0m  [1m[36mbegin transaction[0m
  [1m[36mChandrayan Create (0.7ms)[0m  [1m[32mINSERT INTO "chandrayans" ("x", "y", "z", "direction", "created_at", "updated_at") VALUES (?, ?, ?, ?, ?, ?)[0m  [["x", 1], ["y", 2], ["z", 3], ["direction", "up"], ["created_at", "2024-02-01 12:01:02.165810"], ["updated_at", "2024-02-01 12:01:02.165810"]]
  [1m[36mTRANSACTION (9.9ms)[0m  [1m[36mcommit transaction[0m
  [1m[35m (1.3ms)[0m  [1m[34mSELECT sqlite_version(*)[0m
  [1m[36mChandrayan Load (0.4ms)[0m  [1m[34mSELECT "chandrayans".* FROM "chandrayans"[0m
  [1m[36mTRANSACTION (0.2ms)[0m  [1m[36mbegin transaction[0m
  [1m[36mChandrayan Destroy (0.5ms)[0m  [1m[31mDELETE FROM "chandrayans" WHERE "chandrayans"."id" = ?[0m  [["id", 1]]
  [1m[36mTRANSACTION (13.3ms)[0m  [1m[36mcommit transaction[0m
  [1m[36mTRANSACTION (0.1ms)[0m  [1m[36mbegin transaction[0m
  [1m[36mChandrayan Destroy (0.8ms)[0m  [1m[31mDELETE FROM "chandrayans" WHERE "chandrayans"."id" = ?[0m  [["id", 2]]
  [1m[36mTRANSACTION (11.0ms)[0m  [1m[36mcommit transaction[0m
  [1m[36mTRANSACTION (0.1ms)[0m  [1m[36mbegin transaction[0m
  [1m[36mChandrayan Destroy (0.3ms)[0m  [1m[31mDELETE FROM "chandrayans" WHERE "chandrayans"."id" = ?[0m  [["id", 3]]
  [1m[36mTRANSACTION (10.5ms)[0m  [1m[36mcommit transaction[0m
  [1m[36mTRANSACTION (0.1ms)[0m  [1m[36mbegin transaction[0m
  [1m[36mChandrayan Destroy (0.4ms)[0m  [1m[31mDELETE FROM "chandrayans" WHERE "chandrayans"."id" = ?[0m  [["id", 4]]
  [1m[36mTRANSACTION (8.8ms)[0m  [1m[36mcommit transaction[0m
  [1m[36mTRANSACTION (0.1ms)[0m  [1m[36mbegin transaction[0m
  [1m[36mChandrayan Create (0.8ms)[0m  [1m[32mINSERT INTO "chandrayans" ("x", "y", "z", "direction", "created_at", "updated_at") VALUES (?, ?, ?, ?, ?, ?)[0m  [["x", 1], ["y", 2], ["z", 3], ["direction", "Up"], ["created_at", "2024-02-01 12:02:35.210864"], ["updated_at", "2024-02-01 12:02:35.210864"]]
  [1m[36mTRANSACTION (11.8ms)[0m  [1m[36mcommit transaction[0m
  [1m[36mTRANSACTION (0.2ms)[0m  [1m[36mbegin transaction[0m
  [1m[36mChandrayan Create (0.7ms)[0m  [1m[32mINSERT INTO "chandrayans" ("x", "y", "z", "direction", "created_at", "updated_at") VALUES (?, ?, ?, ?, ?, ?)[0m  [["x", 0], ["y", 0], ["z", 0], ["direction", "N"], ["created_at", "2024-02-01 12:07:15.924099"], ["updated_at", "2024-02-01 12:07:15.924099"]]
  [1m[36mTRANSACTION (13.7ms)[0m  [1m[36mcommit transaction[0m
  [1m[35m (1.0ms)[0m  [1m[34mSELECT sqlite_version(*)[0m
  [1m[36mChandrayan Load (0.3ms)[0m  [1m[34mSELECT "chandrayans".* FROM "chandrayans" ORDER BY "chandrayans"."id" DESC LIMIT ?[0m  [["LIMIT", 1]]
  [1m[36mTRANSACTION (0.3ms)[0m  [1m[36mbegin transaction[0m
  [1m[36mChandrayan Create (0.8ms)[0m  [1m[32mINSERT INTO "chandrayans" ("x", "y", "z", "direction", "created_at", "updated_at") VALUES (?, ?, ?, ?, ?, ?)[0m  [["x", 0], ["y", 0], ["z", 1], ["direction", "S"], ["created_at", "2024-02-01 12:12:17.550190"], ["updated_at", "2024-02-01 12:12:17.550190"]]
  [1m[36mTRANSACTION (10.2ms)[0m  [1m[36mcommit transaction[0m
